       5
       6
       6
       6
       6
       6
       6
       6
       6
       6
       6
       6
       6
       6
       6
       6
       6
       6
       6
       6
       6
       6
       6
       6
       6
       6
       6
       6
       6
       6
       6
       6
       6
       6
       6
       6
       6
       6
       6
       6
       6
       6
       6
       6
       6
       6
       6
       6
       6
       6
       6
       6
       6
       6
       6
       6
       6
       6
       6
       6
       6
       6
       6
       6
       6
       6
       5
       5
       5
       5
       5
       5
       5
       5
       5
       5
       5
       5
       5
       5
       5
       5
       5
       5
       5
       5
       5
       5
       5
       5
       5
       5
       5
       5
       5
       5
       5
       5
       5
       5
       5
       5
       5
       5
       5
       5
       5
       5
       5
       5
       5
       5
       5
       5
       5
       5
       5
       5
       5
       5
       5
       5
       5
       5
       5
       5
       5
       5
       5
       5
       5
       5
       5
       5
       5
       5
       5
       5
       5
       5
       5
       5
       5
       5
       5
       5
       5
       6
       6
       6
       6
       6
       1
      20
       8
       8
       5
       5
       5
       5
       5
       5
       5
       6
       6
       5
       5
